<?xml version="1.0" encoding="UTF-8"?>
<testsuite xmlns:xsi="http://www.w3.org/2001/XMLSchema-instance" xsi:noNamespaceSchemaLocation="https://maven.apache.org/surefire/maven-surefire-plugin/xsd/surefire-test-report.xsd" version="3.0.2" name="com.examserver2.Examserver2ApplicationTests" time="7.016" tests="1" errors="0" skipped="0" failures="0">
  <properties>
[...]
</properties>
  <testcase name="contextLoads" classname="com.examserver2.Examserver2ApplicationTests" time="0.377">
    <system-out><![CDATA[15:22:16.902 [main] INFO org.springframework.test.context.support.AnnotationConfigContextLoaderUtils -- Could not detect default configuration classes for test class [com.examserver2.Examserver2ApplicationTests]: Examserver2ApplicationTests does not declare any static, non-private, non-final, nested classes annotated with @Configuration.
15:22:17.075 [main] INFO org.springframework.boot.test.context.SpringBootTestContextBootstrapper -- Found @SpringBootConfiguration com.examserver2.Examserver2Application for test class com.examserver2.Examserver2ApplicationTests

  .   ____          _            __ _ _
 /\\ / ___'_ __ _ _(_)_ __  __ _ \ \ \ \
( ( )\___ | '_ | '_| | '_ \/ _` | \ \ \ \
 \\/  ___)| |_)| | | | | || (_| |  ) ) ) )
  '  |____| .__|_| |_|_| |_\__, | / / / /
 =========|_|==============|___/=/_/_/_/

 :: Spring Boot ::                (v3.5.4)

2025-08-05T15:22:17.670+05:30  INFO 18452 --- [examserver2] [           main] c.e.Examserver2ApplicationTests          : Starting Examserver2ApplicationTests using Java 17.0.12 with PID 18452 (started by Admin in E:\documents\Ankita\development\Project Work\Exam2Employ\backend)
2025-08-05T15:22:17.670+05:30  INFO 18452 --- [examserver2] [           main] c.e.Examserver2ApplicationTests          : No active profile set, falling back to 1 default profile: "default"
2025-08-05T15:22:18.443+05:30  INFO 18452 --- [examserver2] [           main] .s.d.r.c.RepositoryConfigurationDelegate : Bootstrapping Spring Data JPA repositories in DEFAULT mode.
2025-08-05T15:22:18.538+05:30  INFO 18452 --- [examserver2] [           main] .s.d.r.c.RepositoryConfigurationDelegate : Finished Spring Data repository scanning in 76 ms. Found 5 JPA repository interfaces.
2025-08-05T15:22:19.072+05:30  INFO 18452 --- [examserver2] [           main] o.hibernate.jpa.internal.util.LogHelper  : HHH000204: Processing PersistenceUnitInfo [name: default]
2025-08-05T15:22:19.135+05:30  INFO 18452 --- [examserver2] [           main] org.hibernate.Version                    : HHH000412: Hibernate ORM core version 6.6.22.Final
2025-08-05T15:22:19.182+05:30  INFO 18452 --- [examserver2] [           main] o.h.c.internal.RegionFactoryInitiator    : HHH000026: Second-level cache disabled
2025-08-05T15:22:19.543+05:30  INFO 18452 --- [examserver2] [           main] o.s.o.j.p.SpringPersistenceUnitInfo      : No LoadTimeWeaver setup: ignoring JPA class transformer
2025-08-05T15:22:19.590+05:30  INFO 18452 --- [examserver2] [           main] com.zaxxer.hikari.HikariDataSource       : HikariPool-1 - Starting...
2025-08-05T15:22:19.967+05:30  INFO 18452 --- [examserver2] [           main] com.zaxxer.hikari.pool.HikariPool        : HikariPool-1 - Added connection com.mysql.cj.jdbc.ConnectionImpl@5368e981
2025-08-05T15:22:19.967+05:30  INFO 18452 --- [examserver2] [           main] com.zaxxer.hikari.HikariDataSource       : HikariPool-1 - Start completed.
2025-08-05T15:22:20.077+05:30  INFO 18452 --- [examserver2] [           main] org.hibernate.orm.connections.pooling    : HHH10001005: Database info:
	Database JDBC URL [Connecting through datasource 'HikariDataSource (HikariPool-1)']
	Database driver: undefined/unknown
	Database version: 8.0.43
	Autocommit mode: undefined/unknown
	Isolation level: undefined/unknown
	Minimum pool size: undefined/unknown
	Maximum pool size: undefined/unknown
2025-08-05T15:22:21.077+05:30  INFO 18452 --- [examserver2] [           main] o.h.e.t.j.p.i.JtaPlatformInitiator       : HHH000489: No JTA platform available (set 'hibernate.transaction.jta.platform' to enable JTA platform integration)
2025-08-05T15:22:21.187+05:30  INFO 18452 --- [examserver2] [           main] j.LocalContainerEntityManagerFactoryBean : Initialized JPA EntityManagerFactory for persistence unit 'default'
2025-08-05T15:22:21.516+05:30  INFO 18452 --- [examserver2] [           main] o.s.d.j.r.query.QueryEnhancerFactory     : Hibernate is in classpath; If applicable, HQL parser will be used.
Hibernate: select u1_0.id,u1_0.email,u1_0.name,u1_0.password,u1_0.role from user u1_0 where u1_0.role=?
2025-08-05T15:22:22.899+05:30  WARN 18452 --- [examserver2] [           main] JpaBaseConfiguration$JpaWebConfiguration : spring.jpa.open-in-view is enabled by default. Therefore, database queries may be performed during view rendering. Explicitly configure spring.jpa.open-in-view to disable this warning
2025-08-05T15:22:23.275+05:30  INFO 18452 --- [examserver2] [           main] c.e.Examserver2ApplicationTests          : Started Examserver2ApplicationTests in 5.98 seconds (process running for 7.5)
]]></system-out>
  </testcase>
</testsuite>